C:\USERS\HABRA\DOCUMENTS\MBPROJECTS\OFFROADROBOT\STANDALONE\BUILD_WIN\SRC\EXEC.DIR\DEBUG\LUT.OBJ
C:\USERS\HABRA\DOCUMENTS\MBPROJECTS\OFFROADROBOT\STANDALONE\BUILD_WIN\SRC\EXEC.DIR\DEBUG\LUDCMP.OBJ
C:\USERS\HABRA\DOCUMENTS\MBPROJECTS\OFFROADROBOT\STANDALONE\BUILD_WIN\SRC\EXEC.DIR\DEBUG\LUBKSB.OBJ
C:\USERS\HABRA\DOCUMENTS\MBPROJECTS\OFFROADROBOT\STANDALONE\BUILD_WIN\SRC\EXEC.DIR\DEBUG\LOCALDATASTRUCT.OBJ
C:\USERS\HABRA\DOCUMENTS\MBPROJECTS\OFFROADROBOT\STANDALONE\BUILD_WIN\SRC\EXEC.DIR\DEBUG\CHOLSL.OBJ
C:\USERS\HABRA\DOCUMENTS\MBPROJECTS\OFFROADROBOT\STANDALONE\BUILD_WIN\SRC\EXEC.DIR\DEBUG\CHOLDC.OBJ
C:\USERS\HABRA\DOCUMENTS\MBPROJECTS\OFFROADROBOT\STANDALONE\BUILD_WIN\SRC\EXEC.DIR\DEBUG\TIME_FUNCTIONS.OBJ
C:\USERS\HABRA\DOCUMENTS\MBPROJECTS\OFFROADROBOT\STANDALONE\BUILD_WIN\SRC\EXEC.DIR\DEBUG\REAL_TIME.OBJ
C:\USERS\HABRA\DOCUMENTS\MBPROJECTS\OFFROADROBOT\STANDALONE\BUILD_WIN\SRC\EXEC.DIR\DEBUG\WRITE_FILES.OBJ
C:\USERS\HABRA\DOCUMENTS\MBPROJECTS\OFFROADROBOT\STANDALONE\BUILD_WIN\SRC\EXEC.DIR\DEBUG\USEFUL_FUNCTIONS.OBJ
C:\USERS\HABRA\DOCUMENTS\MBPROJECTS\OFFROADROBOT\STANDALONE\BUILD_WIN\SRC\EXEC.DIR\DEBUG\LOADUSERMODEL_XML.OBJ
C:\USERS\HABRA\DOCUMENTS\MBPROJECTS\OFFROADROBOT\STANDALONE\BUILD_WIN\SRC\EXEC.DIR\DEBUG\LOADMBSUTILITIES_XML.OBJ
C:\USERS\HABRA\DOCUMENTS\MBPROJECTS\OFFROADROBOT\STANDALONE\BUILD_WIN\SRC\EXEC.DIR\DEBUG\LOADMBSSIZES_XML.OBJ
C:\USERS\HABRA\DOCUMENTS\MBPROJECTS\OFFROADROBOT\STANDALONE\BUILD_WIN\SRC\EXEC.DIR\DEBUG\LOADMBSELEMENTS_XML.OBJ
C:\USERS\HABRA\DOCUMENTS\MBPROJECTS\OFFROADROBOT\STANDALONE\BUILD_WIN\SRC\EXEC.DIR\DEBUG\LOADMBSDATA_XML.OBJ
C:\USERS\HABRA\DOCUMENTS\MBPROJECTS\OFFROADROBOT\STANDALONE\BUILD_WIN\SRC\EXEC.DIR\DEBUG\FREEUSERMODEL_XML.OBJ
C:\USERS\HABRA\DOCUMENTS\MBPROJECTS\OFFROADROBOT\STANDALONE\BUILD_WIN\SRC\EXEC.DIR\DEBUG\FREEMBSDATA_XML.OBJ
C:\USERS\HABRA\DOCUMENTS\MBPROJECTS\OFFROADROBOT\STANDALONE\BUILD_WIN\SRC\EXEC.DIR\DEBUG\JNI_FUNCTIONS.OBJ
C:\USERS\HABRA\DOCUMENTS\MBPROJECTS\OFFROADROBOT\STANDALONE\BUILD_WIN\SRC\EXEC.DIR\DEBUG\RK4.OBJ
C:\USERS\HABRA\DOCUMENTS\MBPROJECTS\OFFROADROBOT\STANDALONE\BUILD_WIN\SRC\EXEC.DIR\DEBUG\DERIVS.OBJ
C:\USERS\HABRA\DOCUMENTS\MBPROJECTS\OFFROADROBOT\STANDALONE\BUILD_WIN\SRC\EXEC.DIR\DEBUG\UPDATE_WRITE_FILES.OBJ
C:\USERS\HABRA\DOCUMENTS\MBPROJECTS\OFFROADROBOT\STANDALONE\BUILD_WIN\SRC\EXEC.DIR\DEBUG\EVENTS_SDL.OBJ
C:\USERS\HABRA\DOCUMENTS\MBPROJECTS\OFFROADROBOT\STANDALONE\BUILD_WIN\SRC\EXEC.DIR\DEBUG\CONFIGURE_SDL.OBJ
C:\USERS\HABRA\DOCUMENTS\MBPROJECTS\OFFROADROBOT\STANDALONE\BUILD_WIN\SRC\EXEC.DIR\DEBUG\CONTROLLER_LOOP.OBJ
C:\USERS\HABRA\DOCUMENTS\MBPROJECTS\OFFROADROBOT\STANDALONE\BUILD_WIN\SRC\EXEC.DIR\DEBUG\CONTROLLER_INIT.OBJ
C:\USERS\HABRA\DOCUMENTS\MBPROJECTS\OFFROADROBOT\STANDALONE\BUILD_WIN\SRC\EXEC.DIR\DEBUG\CONTROLLER_FUNCTIONS.OBJ
C:\USERS\HABRA\DOCUMENTS\MBPROJECTS\OFFROADROBOT\STANDALONE\BUILD_WIN\SRC\EXEC.DIR\DEBUG\CONTROLLERSSTRUCT.OBJ
C:\USERS\HABRA\DOCUMENTS\MBPROJECTS\OFFROADROBOT\STANDALONE\BUILD_WIN\SRC\EXEC.DIR\DEBUG\CONTROL.OBJ
C:\USERS\HABRA\DOCUMENTS\MBPROJECTS\OFFROADROBOT\STANDALONE\BUILD_WIN\SRC\EXEC.DIR\DEBUG\SIMBODY_FUNCTIONS.OBJ
C:\USERS\HABRA\DOCUMENTS\MBPROJECTS\OFFROADROBOT\STANDALONE\BUILD_WIN\SRC\EXEC.DIR\DEBUG\SIMBODYBODIESSTRUCT.OBJ
C:\USERS\HABRA\DOCUMENTS\MBPROJECTS\OFFROADROBOT\STANDALONE\BUILD_WIN\SRC\EXEC.DIR\DEBUG\PLOT_SDL.OBJ
C:\USERS\HABRA\DOCUMENTS\MBPROJECTS\OFFROADROBOT\STANDALONE\BUILD_WIN\SRC\EXEC.DIR\DEBUG\SVDCMP.OBJ
C:\USERS\HABRA\DOCUMENTS\MBPROJECTS\OFFROADROBOT\STANDALONE\BUILD_WIN\SRC\EXEC.DIR\DEBUG\SVBKSB.OBJ
C:\USERS\HABRA\DOCUMENTS\MBPROJECTS\OFFROADROBOT\STANDALONE\BUILD_WIN\SRC\EXEC.DIR\DEBUG\NRUTIL.OBJ
C:\USERS\HABRA\DOCUMENTS\MBPROJECTS\OFFROADROBOT\STANDALONE\BUILD_WIN\SRC\EXEC.DIR\DEBUG\NORM.OBJ
C:\USERS\HABRA\DOCUMENTS\MBPROJECTS\OFFROADROBOT\STANDALONE\BUILD_WIN\SRC\EXEC.DIR\DEBUG\MBS_TOOL.OBJ
C:\USERS\HABRA\DOCUMENTS\MBPROJECTS\OFFROADROBOT\STANDALONE\BUILD_WIN\SRC\EXEC.DIR\DEBUG\MBS_MATRIX.OBJ
C:\USERS\HABRA\DOCUMENTS\MBPROJECTS\OFFROADROBOT\STANDALONE\BUILD_WIN\SRC\EXEC.DIR\DEBUG\MBS_DIRDYNARED.OBJ
C:\USERS\HABRA\DOCUMENTS\MBPROJECTS\OFFROADROBOT\STANDALONE\BUILD_WIN\SRC\EXEC.DIR\DEBUG\MBS_CLOSE_LOOPS.OBJ
C:\USERS\HABRA\DOCUMENTS\MBPROJECTS\OFFROADROBOT\STANDALONE\BUILD_WIN\SRC\EXEC.DIR\DEBUG\MBSSENSORSTRUCT.OBJ
C:\USERS\HABRA\DOCUMENTS\MBPROJECTS\OFFROADROBOT\STANDALONE\BUILD_WIN\SRC\EXEC.DIR\DEBUG\USER_EXTFORCES.OBJ
C:\USERS\HABRA\DOCUMENTS\MBPROJECTS\OFFROADROBOT\STANDALONE\BUILD_WIN\SRC\EXEC.DIR\DEBUG\USER_DRIVENJOINTS.OBJ
C:\USERS\HABRA\DOCUMENTS\MBPROJECTS\OFFROADROBOT\STANDALONE\BUILD_WIN\SRC\EXEC.DIR\DEBUG\USER_DERIVATIVE.OBJ
C:\USERS\HABRA\DOCUMENTS\MBPROJECTS\OFFROADROBOT\STANDALONE\BUILD_WIN\SRC\EXEC.DIR\DEBUG\USER_CONS_JDQD.OBJ
C:\USERS\HABRA\DOCUMENTS\MBPROJECTS\OFFROADROBOT\STANDALONE\BUILD_WIN\SRC\EXEC.DIR\DEBUG\USER_CONS_HJ.OBJ
C:\USERS\HABRA\DOCUMENTS\MBPROJECTS\OFFROADROBOT\STANDALONE\BUILD_WIN\SRC\EXEC.DIR\DEBUG\USER_COMPUTE_OUTPUT.OBJ
C:\USERS\HABRA\DOCUMENTS\MBPROJECTS\OFFROADROBOT\STANDALONE\BUILD_WIN\SRC\EXEC.DIR\DEBUG\USERMODELSTRUCT.OBJ
C:\USERS\HABRA\DOCUMENTS\MBPROJECTS\OFFROADROBOT\STANDALONE\BUILD_WIN\SRC\EXEC.DIR\DEBUG\MBS_SENSOR_OFFROADROBOT.OBJ
C:\USERS\HABRA\DOCUMENTS\MBPROJECTS\OFFROADROBOT\STANDALONE\BUILD_WIN\SRC\EXEC.DIR\DEBUG\MBS_LINK_OFFROADROBOT.OBJ
C:\USERS\HABRA\DOCUMENTS\MBPROJECTS\OFFROADROBOT\STANDALONE\BUILD_WIN\SRC\EXEC.DIR\DEBUG\MBS_LINK3D_OFFROADROBOT.OBJ
C:\USERS\HABRA\DOCUMENTS\MBPROJECTS\OFFROADROBOT\STANDALONE\BUILD_WIN\SRC\EXEC.DIR\DEBUG\MBS_INVDYNA_OFFROADROBOT.OBJ
C:\USERS\HABRA\DOCUMENTS\MBPROJECTS\OFFROADROBOT\STANDALONE\BUILD_WIN\SRC\EXEC.DIR\DEBUG\MBS_GENSENSOR_OFFROADROBOT.OBJ
C:\USERS\HABRA\DOCUMENTS\MBPROJECTS\OFFROADROBOT\STANDALONE\BUILD_WIN\SRC\EXEC.DIR\DEBUG\MBS_EXTFORCES_OFFROADROBOT.OBJ
C:\USERS\HABRA\DOCUMENTS\MBPROJECTS\OFFROADROBOT\STANDALONE\BUILD_WIN\SRC\EXEC.DIR\DEBUG\MBS_DIRDYNA_OFFROADROBOT.OBJ
C:\USERS\HABRA\DOCUMENTS\MBPROJECTS\OFFROADROBOT\STANDALONE\BUILD_WIN\SRC\EXEC.DIR\DEBUG\MBS_CONS_JDQD_OFFROADROBOT.OBJ
C:\USERS\HABRA\DOCUMENTS\MBPROJECTS\OFFROADROBOT\STANDALONE\BUILD_WIN\SRC\EXEC.DIR\DEBUG\MBS_CONS_HJ_OFFROADROBOT.OBJ
C:\USERS\HABRA\DOCUMENTS\MBPROJECTS\OFFROADROBOT\STANDALONE\BUILD_WIN\SRC\EXEC.DIR\DEBUG\SIMU_OUTPUTS.OBJ
C:\USERS\HABRA\DOCUMENTS\MBPROJECTS\OFFROADROBOT\STANDALONE\BUILD_WIN\SRC\EXEC.DIR\DEBUG\SIMU_CONTROLLER_LOOP.OBJ
C:\USERS\HABRA\DOCUMENTS\MBPROJECTS\OFFROADROBOT\STANDALONE\BUILD_WIN\SRC\EXEC.DIR\DEBUG\CONTROLLER_OUTPUTS.OBJ
C:\USERS\HABRA\DOCUMENTS\MBPROJECTS\OFFROADROBOT\STANDALONE\BUILD_WIN\SRC\EXEC.DIR\DEBUG\CONTROLLER_INPUTS.OBJ
C:\USERS\HABRA\DOCUMENTS\MBPROJECTS\OFFROADROBOT\STANDALONE\BUILD_WIN\SRC\EXEC.DIR\DEBUG\USER_SF_IO.OBJ
C:\USERS\HABRA\DOCUMENTS\MBPROJECTS\OFFROADROBOT\STANDALONE\BUILD_WIN\SRC\EXEC.DIR\DEBUG\USER_LINKFORCES.OBJ
C:\USERS\HABRA\DOCUMENTS\MBPROJECTS\OFFROADROBOT\STANDALONE\BUILD_WIN\SRC\EXEC.DIR\DEBUG\USER_LINK3DFORCES.OBJ
C:\USERS\HABRA\DOCUMENTS\MBPROJECTS\OFFROADROBOT\STANDALONE\BUILD_WIN\SRC\EXEC.DIR\DEBUG\USER_JOINTFORCES.OBJ
C:\USERS\HABRA\DOCUMENTS\MBPROJECTS\OFFROADROBOT\STANDALONE\BUILD_WIN\SRC\EXEC.DIR\DEBUG\USER_INITIALIZATION.OBJ
C:\USERS\HABRA\DOCUMENTS\MBPROJECTS\OFFROADROBOT\STANDALONE\BUILD_WIN\SRC\EXEC.DIR\DEBUG\VC110.PDB
C:\USERS\HABRA\DOCUMENTS\MBPROJECTS\OFFROADROBOT\STANDALONE\BUILD_WIN\SRC\EXEC.DIR\DEBUG\SIMBODY_CPP_FUNCTIONS.OBJ
C:\USERS\HABRA\DOCUMENTS\MBPROJECTS\OFFROADROBOT\STANDALONE\BUILD_WIN\SRC\EXEC.DIR\DEBUG\FORCETORQUEDRIVER.OBJ
C:\USERS\HABRA\DOCUMENTS\MBPROJECTS\OFFROADROBOT\STANDALONE\BUILD_WIN\SRC\EXEC.DIR\DEBUG\MODEL_MAIN.OBJ
C:\USERS\HABRA\DOCUMENTS\MBPROJECTS\OFFROADROBOT\STANDALONE\BUILD_WIN\SRC\EXEC.DIR\DEBUG\LOOP_SIMULATION.OBJ
C:\USERS\HABRA\DOCUMENTS\MBPROJECTS\OFFROADROBOT\STANDALONE\BUILD_WIN\SRC\EXEC.DIR\DEBUG\INIT_SIMULATION.OBJ
C:\USERS\HABRA\DOCUMENTS\MBPROJECTS\OFFROADROBOT\STANDALONE\BUILD_WIN\SRC\EXEC.DIR\DEBUG\FINISH_SIMULATION.OBJ
C:\USERS\HABRA\DOCUMENTS\MBPROJECTS\OFFROADROBOT\STANDALONE\BUILD_WIN\SRC\CMAKEFILES\GENERATE.STAMP
C:\USERS\HABRA\DOCUMENTS\MBPROJECTS\OFFROADROBOT\STANDALONE\BUILD_WIN\DEBUG\EXEC.ILK
C:\USERS\HABRA\DOCUMENTS\MBPROJECTS\OFFROADROBOT\STANDALONE\BUILD_WIN\DEBUG\EXEC.EXE
C:\USERS\HABRA\DOCUMENTS\MBPROJECTS\OFFROADROBOT\STANDALONE\BUILD_WIN\DEBUG\EXEC.PDB
C:\Users\habra\Documents\MBProjects\OffRoadRobot\Standalone\build_win\src\Exec.dir\Debug\choldc.obj
C:\Users\habra\Documents\MBProjects\OffRoadRobot\Standalone\build_win\src\Exec.dir\Debug\cholsl.obj
C:\Users\habra\Documents\MBProjects\OffRoadRobot\Standalone\build_win\src\Exec.dir\Debug\configure_sdl.obj
C:\Users\habra\Documents\MBProjects\OffRoadRobot\Standalone\build_win\src\Exec.dir\Debug\control.obj
C:\Users\habra\Documents\MBProjects\OffRoadRobot\Standalone\build_win\src\Exec.dir\Debug\ControllersStruct.obj
C:\Users\habra\Documents\MBProjects\OffRoadRobot\Standalone\build_win\src\Exec.dir\Debug\controller_functions.obj
C:\Users\habra\Documents\MBProjects\OffRoadRobot\Standalone\build_win\src\Exec.dir\Debug\controller_init.obj
C:\Users\habra\Documents\MBProjects\OffRoadRobot\Standalone\build_win\src\Exec.dir\Debug\controller_inputs.obj
C:\Users\habra\Documents\MBProjects\OffRoadRobot\Standalone\build_win\src\Exec.dir\Debug\controller_loop.obj
C:\Users\habra\Documents\MBProjects\OffRoadRobot\Standalone\build_win\src\Exec.dir\Debug\controller_outputs.obj
C:\Users\habra\Documents\MBProjects\OffRoadRobot\Standalone\build_win\src\Exec.dir\Debug\derivs.obj
C:\Users\habra\Documents\MBProjects\OffRoadRobot\Standalone\build_win\src\Exec.dir\Debug\events_sdl.obj
C:\Users\habra\Documents\MBProjects\OffRoadRobot\Standalone\build_win\src\Exec.dir\Debug\finish_simulation.obj
C:\Users\habra\Documents\MBProjects\OffRoadRobot\Standalone\build_win\src\Exec.dir\Debug\ForceTorqueDriver.obj
C:\Users\habra\Documents\MBProjects\OffRoadRobot\Standalone\build_win\src\Exec.dir\Debug\freeMBSdata_xml.obj
C:\Users\habra\Documents\MBProjects\OffRoadRobot\Standalone\build_win\src\Exec.dir\Debug\freeUserModel_xml.obj
C:\Users\habra\Documents\MBProjects\OffRoadRobot\Standalone\build_win\src\Exec.dir\Debug\init_simulation.obj
C:\Users\habra\Documents\MBProjects\OffRoadRobot\Standalone\build_win\src\Exec.dir\Debug\jni_functions.obj
C:\Users\habra\Documents\MBProjects\OffRoadRobot\Standalone\build_win\src\Exec.dir\Debug\loadMBSdata_xml.obj
C:\Users\habra\Documents\MBProjects\OffRoadRobot\Standalone\build_win\src\Exec.dir\Debug\loadMBSelements_xml.obj
C:\Users\habra\Documents\MBProjects\OffRoadRobot\Standalone\build_win\src\Exec.dir\Debug\loadMBSsizes_xml.obj
C:\Users\habra\Documents\MBProjects\OffRoadRobot\Standalone\build_win\src\Exec.dir\Debug\loadMBSutilities_xml.obj
C:\Users\habra\Documents\MBProjects\OffRoadRobot\Standalone\build_win\src\Exec.dir\Debug\loadUserModel_xml.obj
C:\Users\habra\Documents\MBProjects\OffRoadRobot\Standalone\build_win\src\Exec.dir\Debug\LocalDataStruct.obj
C:\Users\habra\Documents\MBProjects\OffRoadRobot\Standalone\build_win\src\Exec.dir\Debug\loop_simulation.obj
C:\Users\habra\Documents\MBProjects\OffRoadRobot\Standalone\build_win\src\Exec.dir\Debug\lubksb.obj
C:\Users\habra\Documents\MBProjects\OffRoadRobot\Standalone\build_win\src\Exec.dir\Debug\ludcmp.obj
C:\Users\habra\Documents\MBProjects\OffRoadRobot\Standalone\build_win\src\Exec.dir\Debug\lut.obj
C:\Users\habra\Documents\MBProjects\OffRoadRobot\Standalone\build_win\src\Exec.dir\Debug\MBSsensorStruct.obj
C:\Users\habra\Documents\MBProjects\OffRoadRobot\Standalone\build_win\src\Exec.dir\Debug\mbs_close_loops.obj
C:\Users\habra\Documents\MBProjects\OffRoadRobot\Standalone\build_win\src\Exec.dir\Debug\mbs_cons_hJ_OffRoadRobot.obj
C:\Users\habra\Documents\MBProjects\OffRoadRobot\Standalone\build_win\src\Exec.dir\Debug\mbs_cons_jdqd_OffRoadRobot.obj
C:\Users\habra\Documents\MBProjects\OffRoadRobot\Standalone\build_win\src\Exec.dir\Debug\mbs_dirdynared.obj
C:\Users\habra\Documents\MBProjects\OffRoadRobot\Standalone\build_win\src\Exec.dir\Debug\mbs_dirdyna_OffRoadRobot.obj
C:\Users\habra\Documents\MBProjects\OffRoadRobot\Standalone\build_win\src\Exec.dir\Debug\mbs_extforces_OffRoadRobot.obj
C:\Users\habra\Documents\MBProjects\OffRoadRobot\Standalone\build_win\src\Exec.dir\Debug\mbs_gensensor_OffRoadRobot.obj
C:\Users\habra\Documents\MBProjects\OffRoadRobot\Standalone\build_win\src\Exec.dir\Debug\mbs_invdyna_OffRoadRobot.obj
C:\Users\habra\Documents\MBProjects\OffRoadRobot\Standalone\build_win\src\Exec.dir\Debug\mbs_link3D_OffRoadRobot.obj
C:\Users\habra\Documents\MBProjects\OffRoadRobot\Standalone\build_win\src\Exec.dir\Debug\mbs_link_OffRoadRobot.obj
C:\Users\habra\Documents\MBProjects\OffRoadRobot\Standalone\build_win\src\Exec.dir\Debug\mbs_matrix.obj
C:\Users\habra\Documents\MBProjects\OffRoadRobot\Standalone\build_win\src\Exec.dir\Debug\mbs_sensor_OffRoadRobot.obj
C:\Users\habra\Documents\MBProjects\OffRoadRobot\Standalone\build_win\src\Exec.dir\Debug\mbs_tool.obj
C:\Users\habra\Documents\MBProjects\OffRoadRobot\Standalone\build_win\src\Exec.dir\Debug\model_main.obj
C:\Users\habra\Documents\MBProjects\OffRoadRobot\Standalone\build_win\src\Exec.dir\Debug\norm.obj
C:\Users\habra\Documents\MBProjects\OffRoadRobot\Standalone\build_win\src\Exec.dir\Debug\nrutil.obj
C:\Users\habra\Documents\MBProjects\OffRoadRobot\Standalone\build_win\src\Exec.dir\Debug\plot_sdl.obj
C:\Users\habra\Documents\MBProjects\OffRoadRobot\Standalone\build_win\src\Exec.dir\Debug\real_time.obj
C:\Users\habra\Documents\MBProjects\OffRoadRobot\Standalone\build_win\src\Exec.dir\Debug\rk4.obj
C:\Users\habra\Documents\MBProjects\OffRoadRobot\Standalone\build_win\src\Exec.dir\Debug\SimbodyBodiesStruct.obj
C:\Users\habra\Documents\MBProjects\OffRoadRobot\Standalone\build_win\src\Exec.dir\Debug\simbody_cpp_functions.obj
C:\Users\habra\Documents\MBProjects\OffRoadRobot\Standalone\build_win\src\Exec.dir\Debug\simbody_functions.obj
C:\Users\habra\Documents\MBProjects\OffRoadRobot\Standalone\build_win\src\Exec.dir\Debug\simu_controller_loop.obj
C:\Users\habra\Documents\MBProjects\OffRoadRobot\Standalone\build_win\src\Exec.dir\Debug\simu_outputs.obj
C:\Users\habra\Documents\MBProjects\OffRoadRobot\Standalone\build_win\src\Exec.dir\Debug\svbksb.obj
C:\Users\habra\Documents\MBProjects\OffRoadRobot\Standalone\build_win\src\Exec.dir\Debug\svdcmp.obj
C:\Users\habra\Documents\MBProjects\OffRoadRobot\Standalone\build_win\src\Exec.dir\Debug\time_functions.obj
C:\Users\habra\Documents\MBProjects\OffRoadRobot\Standalone\build_win\src\Exec.dir\Debug\update_write_files.obj
C:\Users\habra\Documents\MBProjects\OffRoadRobot\Standalone\build_win\src\Exec.dir\Debug\useful_functions.obj
C:\Users\habra\Documents\MBProjects\OffRoadRobot\Standalone\build_win\src\Exec.dir\Debug\UserModelStruct.obj
C:\Users\habra\Documents\MBProjects\OffRoadRobot\Standalone\build_win\src\Exec.dir\Debug\user_compute_output.obj
C:\Users\habra\Documents\MBProjects\OffRoadRobot\Standalone\build_win\src\Exec.dir\Debug\user_cons_hJ.obj
C:\Users\habra\Documents\MBProjects\OffRoadRobot\Standalone\build_win\src\Exec.dir\Debug\user_cons_jdqd.obj
C:\Users\habra\Documents\MBProjects\OffRoadRobot\Standalone\build_win\src\Exec.dir\Debug\user_Derivative.obj
C:\Users\habra\Documents\MBProjects\OffRoadRobot\Standalone\build_win\src\Exec.dir\Debug\user_DrivenJoints.obj
C:\Users\habra\Documents\MBProjects\OffRoadRobot\Standalone\build_win\src\Exec.dir\Debug\user_ExtForces.obj
C:\Users\habra\Documents\MBProjects\OffRoadRobot\Standalone\build_win\src\Exec.dir\Debug\user_initialization.obj
C:\Users\habra\Documents\MBProjects\OffRoadRobot\Standalone\build_win\src\Exec.dir\Debug\user_JointForces.obj
C:\Users\habra\Documents\MBProjects\OffRoadRobot\Standalone\build_win\src\Exec.dir\Debug\user_Link3Dforces.obj
C:\Users\habra\Documents\MBProjects\OffRoadRobot\Standalone\build_win\src\Exec.dir\Debug\user_Linkforces.obj
C:\Users\habra\Documents\MBProjects\OffRoadRobot\Standalone\build_win\src\Exec.dir\Debug\user_sf_IO.obj
C:\Users\habra\Documents\MBProjects\OffRoadRobot\Standalone\build_win\src\Exec.dir\Debug\write_files.obj
C:\Users\habra\Documents\MBProjects\OffRoadRobot\Standalone\build_win\src\Exec.dir\Debug\cl.command.1.tlog
C:\Users\habra\Documents\MBProjects\OffRoadRobot\Standalone\build_win\src\Exec.dir\Debug\CL.read.1.tlog
C:\Users\habra\Documents\MBProjects\OffRoadRobot\Standalone\build_win\src\Exec.dir\Debug\CL.write.1.tlog
C:\Users\habra\Documents\MBProjects\OffRoadRobot\Standalone\build_win\src\Exec.dir\Debug\custombuild.command.1.tlog
C:\Users\habra\Documents\MBProjects\OffRoadRobot\Standalone\build_win\src\Exec.dir\Debug\custombuild.read.1.tlog
C:\Users\habra\Documents\MBProjects\OffRoadRobot\Standalone\build_win\src\Exec.dir\Debug\custombuild.write.1.tlog
C:\Users\habra\Documents\MBProjects\OffRoadRobot\Standalone\build_win\src\Exec.dir\Debug\link-cvtres.read.1.tlog
C:\Users\habra\Documents\MBProjects\OffRoadRobot\Standalone\build_win\src\Exec.dir\Debug\link-cvtres.write.1.tlog
C:\Users\habra\Documents\MBProjects\OffRoadRobot\Standalone\build_win\src\Exec.dir\Debug\link-rc.read.1.tlog
C:\Users\habra\Documents\MBProjects\OffRoadRobot\Standalone\build_win\src\Exec.dir\Debug\link-rc.write.1.tlog
C:\Users\habra\Documents\MBProjects\OffRoadRobot\Standalone\build_win\src\Exec.dir\Debug\link.command.1.tlog
C:\Users\habra\Documents\MBProjects\OffRoadRobot\Standalone\build_win\src\Exec.dir\Debug\link.read.1.tlog
C:\Users\habra\Documents\MBProjects\OffRoadRobot\Standalone\build_win\src\Exec.dir\Debug\link.write.1.tlog
C:\Users\habra\Documents\MBProjects\OffRoadRobot\Standalone\build_win\src\Exec.dir\Debug\vc110.pdb
C:\Users\habra\Documents\MBProjects\OffRoadRobot\Standalone\build_win\Debug\Exec.pdb
C:\Users\habra\Documents\MBProjects\OffRoadRobot\Standalone\build_win\Debug\Exec.exe
C:\Users\habra\Documents\MBProjects\OffRoadRobot\Standalone\build_win\Debug\Exec.ilk
