C:\USERS\HABRA\DOCUMENTS\MBPROJECTS\OFFROADROBOT\STANDALONE\BUILD_WIN\SRC\OTHER\VARSTATE\GEN_STATE_VAR.DIR\DEBUG\USEFUL_FUNCTIONS.OBJ
C:\USERS\HABRA\DOCUMENTS\MBPROJECTS\OFFROADROBOT\STANDALONE\BUILD_WIN\SRC\OTHER\VARSTATE\GEN_STATE_VAR.DIR\DEBUG\READ_SIMU_FUNCTIONS.OBJ
C:\USERS\HABRA\DOCUMENTS\MBPROJECTS\OFFROADROBOT\STANDALONE\BUILD_WIN\SRC\OTHER\VARSTATE\GEN_STATE_VAR.DIR\DEBUG\READ_CTRL_FUNCTIONS.OBJ
C:\USERS\HABRA\DOCUMENTS\MBPROJECTS\OFFROADROBOT\STANDALONE\BUILD_WIN\SRC\OTHER\VARSTATE\GEN_STATE_VAR.DIR\DEBUG\PRINT_MATLAB.OBJ
C:\USERS\HABRA\DOCUMENTS\MBPROJECTS\OFFROADROBOT\STANDALONE\BUILD_WIN\SRC\OTHER\VARSTATE\GEN_STATE_VAR.DIR\DEBUG\PRINT_C_FILES.OBJ
C:\USERS\HABRA\DOCUMENTS\MBPROJECTS\OFFROADROBOT\STANDALONE\BUILD_WIN\SRC\OTHER\VARSTATE\GEN_STATE_VAR.DIR\DEBUG\MAIN.OBJ
C:\USERS\HABRA\DOCUMENTS\MBPROJECTS\OFFROADROBOT\STANDALONE\BUILD_WIN\SRC\OTHER\VARSTATE\GEN_STATE_VAR.DIR\DEBUG\VC110.PDB
C:\USERS\HABRA\DOCUMENTS\MBPROJECTS\OFFROADROBOT\STANDALONE\BUILD_WIN\SRC\OTHER\VARSTATE\CMAKEFILES\GENERATE.STAMP
C:\USERS\HABRA\DOCUMENTS\MBPROJECTS\OFFROADROBOT\STANDALONE\BUILD_WIN\SRC\OTHER\VARSTATE\DEBUG\GEN_STATE_VAR.ILK
C:\USERS\HABRA\DOCUMENTS\MBPROJECTS\OFFROADROBOT\STANDALONE\BUILD_WIN\SRC\OTHER\VARSTATE\DEBUG\GEN_STATE_VAR.EXE
C:\USERS\HABRA\DOCUMENTS\MBPROJECTS\OFFROADROBOT\STANDALONE\BUILD_WIN\SRC\OTHER\VARSTATE\DEBUG\GEN_STATE_VAR.PDB
C:\Users\habra\Documents\MBProjects\OffRoadRobot\Standalone\build_win\src\other\varState\Gen_state_var.dir\Debug\main.obj
C:\Users\habra\Documents\MBProjects\OffRoadRobot\Standalone\build_win\src\other\varState\Gen_state_var.dir\Debug\print_c_files.obj
C:\Users\habra\Documents\MBProjects\OffRoadRobot\Standalone\build_win\src\other\varState\Gen_state_var.dir\Debug\print_matlab.obj
C:\Users\habra\Documents\MBProjects\OffRoadRobot\Standalone\build_win\src\other\varState\Gen_state_var.dir\Debug\read_ctrl_functions.obj
C:\Users\habra\Documents\MBProjects\OffRoadRobot\Standalone\build_win\src\other\varState\Gen_state_var.dir\Debug\read_simu_functions.obj
C:\Users\habra\Documents\MBProjects\OffRoadRobot\Standalone\build_win\src\other\varState\Gen_state_var.dir\Debug\useful_functions.obj
C:\Users\habra\Documents\MBProjects\OffRoadRobot\Standalone\build_win\src\other\varState\Gen_state_var.dir\Debug\cl.command.1.tlog
C:\Users\habra\Documents\MBProjects\OffRoadRobot\Standalone\build_win\src\other\varState\Gen_state_var.dir\Debug\CL.read.1.tlog
C:\Users\habra\Documents\MBProjects\OffRoadRobot\Standalone\build_win\src\other\varState\Gen_state_var.dir\Debug\CL.write.1.tlog
C:\Users\habra\Documents\MBProjects\OffRoadRobot\Standalone\build_win\src\other\varState\Gen_state_var.dir\Debug\custombuild.command.1.tlog
C:\Users\habra\Documents\MBProjects\OffRoadRobot\Standalone\build_win\src\other\varState\Gen_state_var.dir\Debug\custombuild.read.1.tlog
C:\Users\habra\Documents\MBProjects\OffRoadRobot\Standalone\build_win\src\other\varState\Gen_state_var.dir\Debug\custombuild.write.1.tlog
C:\Users\habra\Documents\MBProjects\OffRoadRobot\Standalone\build_win\src\other\varState\Gen_state_var.dir\Debug\link-cvtres.read.1.tlog
C:\Users\habra\Documents\MBProjects\OffRoadRobot\Standalone\build_win\src\other\varState\Gen_state_var.dir\Debug\link-cvtres.write.1.tlog
C:\Users\habra\Documents\MBProjects\OffRoadRobot\Standalone\build_win\src\other\varState\Gen_state_var.dir\Debug\link-rc.read.1.tlog
C:\Users\habra\Documents\MBProjects\OffRoadRobot\Standalone\build_win\src\other\varState\Gen_state_var.dir\Debug\link-rc.write.1.tlog
C:\Users\habra\Documents\MBProjects\OffRoadRobot\Standalone\build_win\src\other\varState\Gen_state_var.dir\Debug\link.command.1.tlog
C:\Users\habra\Documents\MBProjects\OffRoadRobot\Standalone\build_win\src\other\varState\Gen_state_var.dir\Debug\link.read.1.tlog
C:\Users\habra\Documents\MBProjects\OffRoadRobot\Standalone\build_win\src\other\varState\Gen_state_var.dir\Debug\link.write.1.tlog
C:\Users\habra\Documents\MBProjects\OffRoadRobot\Standalone\build_win\src\other\varState\Gen_state_var.dir\Debug\vc110.pdb
C:\Users\habra\Documents\MBProjects\OffRoadRobot\Standalone\build_win\src\other\varState\Debug\Gen_state_var.pdb
C:\Users\habra\Documents\MBProjects\OffRoadRobot\Standalone\build_win\src\other\varState\Debug\Gen_state_var.exe
C:\Users\habra\Documents\MBProjects\OffRoadRobot\Standalone\build_win\src\other\varState\Debug\Gen_state_var.ilk
